<?xml version="1.0" encoding="UTF-8"?>
<testng-results ignored="0" total="1" passed="1" failed="0" skipped="0">
  <reporter-output>
  </reporter-output>
  <suite started-at="2024-03-09T15:41:26 EST" name="Default suite" finished-at="2024-03-09T15:41:41 EST" duration-ms="14944">
    <groups>
    </groups>
    <test started-at="2024-03-09T15:41:26 EST" name="Default test" finished-at="2024-03-09T15:41:41 EST" duration-ms="14944">
      <class name="com.naveenautomation.tests.WishlistPageTest">
        <test-method is-config="true" signature="setupLogger()[pri:0, instance:com.naveenautomation.tests.WishlistPageTest@3e11f9e9]" started-at="2024-03-09T15:41:26 EST" name="setupLogger" finished-at="2024-03-09T15:41:26 EST" duration-ms="67" status="PASS">
          <reporter-output>
          </reporter-output>
        </test-method> <!-- setupLogger -->
        <test-method is-config="true" signature="launchBrowser()[pri:0, instance:com.naveenautomation.tests.WishlistPageTest@3e11f9e9]" started-at="2024-03-09T15:41:26 EST" name="launchBrowser" finished-at="2024-03-09T15:41:35 EST" duration-ms="9013" status="PASS">
          <reporter-output>
          </reporter-output>
        </test-method> <!-- launchBrowser -->
        <test-method signature="validateNewAddressAddition()[pri:0, instance:com.naveenautomation.tests.WishlistPageTest@3e11f9e9]" started-at="2024-03-09T15:41:35 EST" name="validateNewAddressAddition" finished-at="2024-03-09T15:41:41 EST" duration-ms="5800" status="PASS">
          <reporter-output>
          </reporter-output>
        </test-method> <!-- validateNewAddressAddition -->
      </class> <!-- com.naveenautomation.tests.WishlistPageTest -->
    </test> <!-- Default test -->
  </suite> <!-- Default suite -->
</testng-results>
